timestamp: 2021-04-06T16:44:03.873617
CREATE TABLE "py4web_error"(
    "id" INTEGER PRIMARY KEY AUTOINCREMENT,
    "uuid" CHAR(512),
    "app_name" CHAR(512),
    "method" CHAR(512),
    "path" CHAR(512),
    "timestamp" TIMESTAMP,
    "client_ip" CHAR(512),
    "error" CHAR(512),
    "snapshot" TEXT
);
success!
timestamp: 2021-04-06T16:44:03.930475
CREATE TABLE "recipes"(
    "id" INTEGER PRIMARY KEY AUTOINCREMENT,
    "name" CHAR(512),
    "cooktime" INTEGER,
    "cuisine" CHAR(512),
    "instructions" CHAR(512),
    "description" CHAR(512),
    "image" CHAR(512),
    "number" INTEGER
);
success!
timestamp: 2021-04-06T16:44:03.932095
CREATE TABLE "ingredients"(
    "id" INTEGER PRIMARY KEY AUTOINCREMENT,
    "ingredients" CHAR(512)
);
success!
timestamp: 2021-04-06T16:44:03.933239
CREATE TABLE "ownership"(
    "id" INTEGER PRIMARY KEY AUTOINCREMENT,
    "recipe" INTEGER REFERENCES "recipes" ("id") ON DELETE CASCADE  ,
    "ingredient" INTEGER REFERENCES "ingredients" ("id") ON DELETE CASCADE  ,
    "amount" CHAR(512)
);
success!
